2025-04-25 17:38:51,288 - app_logger - INFO - Started: process_transformation
2025-04-25 17:38:51,295 - app_logger - INFO - Collecting Transformation Details From DB
2025-04-25 17:38:51,296 - app_logger - INFO - Started: fetch_transformation_details
2025-04-25 17:38:51,299 - app_logger - INFO - Started: get_sqlalchemy_connection
2025-04-25 17:38:51,453 - app_logger - INFO - Completed: get_sqlalchemy_connection in 0.15 seconds
2025-04-25 17:38:51,454 - app_logger - INFO - SQL Connection Establish for to featch Transformation Details
2025-04-25 17:38:56,269 - app_logger - INFO - Completed: fetch_transformation_details in 4.97 seconds
2025-04-25 17:38:56,301 - app_logger - INFO - Collecting ECC Field Mapping From DB
2025-04-25 17:38:56,314 - app_logger - INFO - Started: fetch_ecc_mapping
2025-04-25 17:38:56,316 - app_logger - INFO - Started: get_sqlalchemy_connection
2025-04-25 17:38:56,321 - app_logger - INFO - Completed: get_sqlalchemy_connection in 0.00 seconds
2025-04-25 17:38:56,324 - app_logger - INFO - SQL Connection Establish for to featch ECC Mapping
2025-04-25 17:39:00,690 - app_logger - INFO - Completed: fetch_ecc_mapping in 4.38 seconds
2025-04-25 17:39:00,691 - app_logger - INFO - Details Collected from DB For ECC Field Mapping
2025-04-25 17:39:00,691 - app_logger - INFO - Collecting ECC Transformation Rule From DB
2025-04-25 17:39:00,692 - app_logger - INFO - Started: get_sqlalchemy_connection
2025-04-25 17:39:00,694 - app_logger - INFO - Completed: get_sqlalchemy_connection in 0.00 seconds
2025-04-25 17:39:00,694 - app_logger - INFO - SQL Connection Establish for to featch Transformation Rule
2025-04-25 17:39:05,961 - app_logger - INFO - Started: thread_extract_data_from_sap
2025-04-25 17:39:07,514 - app_logger - INFO - Connected to SAP successfully. for table Process: SKAT
2025-04-25 17:39:10,655 - app_logger - INFO - Connected to SAP successfully. for table Process: SKA1
2025-04-25 17:39:10,655 - app_logger - INFO - Connected to SAP successfully. for table Process: SKAS
2025-04-25 17:39:11,213 - app_logger - INFO - Total 255 rows fetched from table SKAS.
2025-04-25 17:39:12,506 - app_logger - INFO - Connected to SAP successfully. for table Process: SKB1
2025-04-25 17:39:18,514 - app_logger - INFO - Total 18581 rows fetched from table SKA1.
2025-04-25 17:39:19,802 - app_logger - INFO - Connected to SAP successfully. for table Process: CSKB
2025-04-25 17:39:22,121 - app_logger - INFO - Total 5040 rows fetched from table CSKB.
2025-04-25 17:39:34,351 - app_logger - INFO - Total 36680 rows fetched from table SKAT.
2025-04-25 17:39:40,289 - app_logger - INFO - Total 32961 rows fetched from table SKB1.
2025-04-25 17:39:40,313 - app_logger - INFO - Completed: thread_extract_data_from_sap in 34.35 seconds
2025-04-25 17:39:40,313 - app_logger - INFO - Started: table_mapping_parallel
2025-04-25 17:39:40,314 - app_logger - INFO - Starting table_mapping_parallel function.
2025-04-25 17:39:40,440 - app_logger - INFO - table_mapping_parallel: Required Columns Extracted
2025-04-25 17:39:40,441 - app_logger - INFO - table_mapping_parallel: Set num_workers 3
2025-04-25 17:39:43,183 - app_logger - INFO - Processing TargetTable: Account Keywords
2025-04-25 17:39:43,218 - app_logger - INFO - Completed mapping for TargetTable: Account Keywords
2025-04-25 17:39:44,051 - app_logger - INFO - Processing TargetTable: Account Names
2025-04-25 17:39:44,090 - app_logger - INFO - Completed mapping for TargetTable: Account Names
2025-04-25 17:39:44,200 - app_logger - INFO - Processing TargetTable: Controlling Area Data
2025-04-25 17:39:44,315 - app_logger - DEBUG - Merged SKA1 into Controlling Area Data on ['SAKNR']
2025-04-25 17:39:44,315 - app_logger - INFO - Completed mapping for TargetTable: Controlling Area Data
2025-04-25 17:39:44,780 - app_logger - INFO - Processing TargetTable: Company Code Data
2025-04-25 17:39:44,930 - app_logger - INFO - Processing TargetTable: General Data
2025-04-25 17:39:44,955 - app_logger - INFO - Completed mapping for TargetTable: General Data
2025-04-25 17:39:45,008 - app_logger - DEBUG - Merged SKA1 into Company Code Data on ['SAKNR']
2025-04-25 17:39:45,009 - app_logger - INFO - Completed mapping for TargetTable: Company Code Data
2025-04-25 17:39:46,279 - app_logger - INFO - table_mapping_parallel: Process Completed 
2025-04-25 17:39:46,280 - app_logger - INFO - table mapping completed successfully.
2025-04-25 17:39:46,281 - app_logger - INFO - Completed: table_mapping_parallel in 5.97 seconds
2025-04-25 17:39:46,281 - app_logger - INFO - Started: processs_transformation_rule
2025-04-25 17:39:46,356 - app_logger - INFO - Completed: processs_transformation_rule in 0.07 seconds
2025-04-25 17:39:46,356 - app_logger - INFO - Started: write_multiple_sheets_to_excel
2025-04-25 17:39:46,357 - app_logger - INFO - Starting write_multiple_sheets_to_excel...
2025-04-25 17:39:50,310 - app_logger - INFO - Processing sheet: Account Keywords
2025-04-25 17:39:50,734 - app_logger - INFO - Finished writing 255 rows to sheet 'Account Keywords'.
2025-04-25 17:39:50,749 - app_logger - INFO - Processing sheet: Account Names
2025-04-25 17:39:55,211 - app_logger - INFO - Finished writing 36680 rows to sheet 'Account Names'.
2025-04-25 17:39:55,217 - app_logger - INFO - Processing sheet: Controlling Area Data
2025-04-25 17:39:56,821 - app_logger - INFO - Finished writing 12131 rows to sheet 'Controlling Area Data'.
2025-04-25 17:39:56,823 - app_logger - INFO - Processing sheet: General Data
2025-04-25 17:39:58,677 - app_logger - INFO - Finished writing 18581 rows to sheet 'General Data'.
2025-04-25 17:39:58,679 - app_logger - INFO - Processing sheet: Company Code Data
2025-04-25 17:40:21,427 - app_logger - INFO - Finished writing 89491 rows to sheet 'Company Code Data'.
2025-04-25 17:40:47,750 - app_logger - INFO - All sheets written successfully. File saved at: C:\Users\sandi.DESKTOP-USCI9LH\OneDrive\Desktop\ttt\FI_GL_Accounts_OutPut.xml
2025-04-25 17:40:48,692 - app_logger - INFO - Successfully Cleanup in writing template
2025-04-25 17:40:48,713 - app_logger - INFO - Completed: write_multiple_sheets_to_excel in 62.36 seconds
2025-04-25 17:40:48,722 - app_logger - INFO - Started: XMLSplitter
2025-04-25 17:40:48,728 - app_logger - INFO - Entered into XMLSplitter Fucnction for Split
2025-04-25 17:40:48,741 - app_logger - INFO - File Size: 189.7 MB
2025-04-25 17:40:48,745 - app_logger - INFO - XML File Path: C:\USERS\SANDI.DESKTOP-USCI9LH\ONEDRIVE\DESKTOP\TTT\FI_GL_ACCOUNTS_OUTPUT.XML
2025-04-25 17:40:48,746 - app_logger - INFO - Number of File: 2
2025-04-25 17:40:48,753 - app_logger - INFO - File more than 1 count
2025-04-25 17:45:10,155 - app_logger - INFO - Completed: XMLSplitter in 261.43 seconds
2025-04-25 17:45:10,279 - app_logger - INFO - Completed: process_transformation in 378.99 seconds
2025-04-25 17:45:10,279 - app_logger - INFO - Started: process_transformation
2025-04-25 17:45:10,280 - app_logger - INFO - Collecting Transformation Details From DB
2025-04-25 17:45:10,281 - app_logger - INFO - Started: fetch_transformation_details
2025-04-25 17:45:10,281 - app_logger - INFO - Started: get_sqlalchemy_connection
2025-04-25 17:45:10,284 - app_logger - INFO - Completed: get_sqlalchemy_connection in 0.00 seconds
2025-04-25 17:45:10,285 - app_logger - INFO - SQL Connection Establish for to featch Transformation Details
2025-04-25 17:45:14,163 - app_logger - INFO - Completed: fetch_transformation_details in 3.88 seconds
2025-04-25 17:45:14,164 - app_logger - INFO - Collecting ECC Field Mapping From DB
2025-04-25 17:45:14,165 - app_logger - INFO - Started: fetch_ecc_mapping
2025-04-25 17:45:14,165 - app_logger - INFO - Started: get_sqlalchemy_connection
2025-04-25 17:45:14,167 - app_logger - INFO - Completed: get_sqlalchemy_connection in 0.00 seconds
2025-04-25 17:45:14,168 - app_logger - INFO - SQL Connection Establish for to featch ECC Mapping
2025-04-25 17:45:17,952 - app_logger - INFO - Completed: fetch_ecc_mapping in 3.79 seconds
2025-04-25 17:45:17,953 - app_logger - INFO - Details Collected from DB For ECC Field Mapping
2025-04-25 17:45:17,954 - app_logger - INFO - Collecting ECC Transformation Rule From DB
2025-04-25 17:45:17,955 - app_logger - INFO - Started: get_sqlalchemy_connection
2025-04-25 17:45:17,957 - app_logger - INFO - Completed: get_sqlalchemy_connection in 0.00 seconds
2025-04-25 17:45:17,958 - app_logger - INFO - SQL Connection Establish for to featch Transformation Rule
2025-04-25 17:45:20,808 - app_logger - INFO - Started: thread_extract_data_from_sap
2025-04-25 17:45:22,082 - app_logger - INFO - Connected to SAP successfully. for table Process: SKAS
2025-04-25 17:45:22,086 - app_logger - INFO - Connected to SAP successfully. for table Process: SKAT
2025-04-25 17:45:22,088 - app_logger - INFO - Connected to SAP successfully. for table Process: SKA1
2025-04-25 17:45:22,603 - app_logger - INFO - Total 255 rows fetched from table SKAS.
2025-04-25 17:45:23,879 - app_logger - INFO - Connected to SAP successfully. for table Process: SKB1
2025-04-25 17:45:29,486 - app_logger - INFO - Total 18581 rows fetched from table SKA1.
2025-04-25 17:45:30,779 - app_logger - INFO - Connected to SAP successfully. for table Process: CSKB
2025-04-25 17:45:33,143 - app_logger - INFO - Total 5040 rows fetched from table CSKB.
